

running D:\Activity\elderman\Rmd\profile.do ...


. eststo clear

. eststo FEYmg: xtlogit ybin  i.($xcat $xalt1) i.notouch##i.year,fe
note: multiple positive outcomes within groups encountered.
note: 3,462 groups (5,774 obs) dropped because of all positive or
      all negative outcomes.
note: 1.sex omitted because of no within-group variance.
note: 1.educ omitted because of no within-group variance.
note: 2.educ omitted because of no within-group variance.
note: 3.educ omitted because of no within-group variance.
note: 4.educ omitted because of no within-group variance.
note: 5.educ omitted because of no within-group variance.
note: 6.educ omitted because of no within-group variance.

Iteration 0:   log likelihood = -247.19406  
Iteration 1:   log likelihood = -235.13778  
Iteration 2:   log likelihood =  -234.7699  
Iteration 3:   log likelihood = -234.72417  
Iteration 4:   log likelihood = -234.71853  
Iteration 5:   log likelihood = -234.71775  
Iteration 6:   log likelihood = -234.71761  
Iteration 7:   log likelihood = -234.71758  
Iteration 8:   log likelihood = -234.71757  

Conditional fixed-effects logistic regression   Number of obs     =      1,128
Group variable: id                              Number of groups  =        468

                                                Obs per group:
                                                              min =          2
                                                              avg =        2.4
                                                              max =          4

                                                LR chi2(34)       =     334.26
Log likelihood  = -234.71757                    Prob > chi2       =     0.0000

----------------------------------------------------------------------------------
            ybin |      Coef.   Std. Err.      z    P>|z|     [95% Conf. Interval]
-----------------+----------------------------------------------------------------
           relin |
         有宗教  |   .6339976   .3301903     1.92   0.055    -.0131634    1.281159
                 |
          incsrc |
     本人或配偶  |   .1625189   .2233829     0.73   0.467    -.2753035    .6003412
                 |
             mar |
         非單身  |  -.1309963   .3188066    -0.41   0.681    -.7558457    .4938531
                 |
            taba |
           抽菸  |   .3793939   .3785114     1.00   0.316    -.3624749    1.121263
                 |
            alco |
           喝酒  |   .3851214   .3055201     1.26   0.207    -.2136871    .9839298
                 |
            spor |
           運動  |   .5460007   .2126099     2.57   0.010     .1292929    .9627085
                 |
       exam_year |
         有健檢  |   .0608657    .192584     0.32   0.752    -.3165919    .4383234
                 |
             sex |
             女  |          0  (omitted)
                 |
            educ |
           小學  |          0  (omitted)
           初中  |          0  (omitted)
           高職  |          0  (omitted)
           大學  |          0  (omitted)
           識字  |          0  (omitted)
           空大  |          0  (empty)
                 |
           child |
              1  |  -12.73187   5602.774    -0.00   0.998    -10993.97     10968.5
              2  |  -.3064995   5714.693    -0.00   1.000     -11200.9    11200.29
              3  |   1.005488   5714.693     0.00   1.000    -11199.59     11201.6
              4  |   1.496428   5714.693     0.00   1.000     -11199.1    11202.09
             5+  |   1.778776   5714.693     0.00   1.000    -11198.81    11202.37
                 |
           incom |
         10~30-  |  -.1832904   .5192511    -0.35   0.724    -1.201004    .8344232
         30~50-  |  -.4705255   .5329636    -0.88   0.377    -1.515115    .5740639
         50~70-  |   .0992721     .53649     0.19   0.853     -.952229    1.150773
        70~100-  |   .1227662   .5633904     0.22   0.828    -.9814587    1.226991
       100~150-  |  -.0081829   .5808999    -0.01   0.989    -1.146726     1.13036
       150~200-  |   .1140197   .7126174     0.16   0.873    -1.282685    1.510724
       200~300-  |  -.4421414    .967724    -0.46   0.648    -2.338846    1.454563
           300+  |  -.1216521   .6352908    -0.19   0.848    -1.366799    1.123495
                 |
             age |
          55-59  |   .4306228   .4919616     0.88   0.381    -.5336042     1.39485
          60-64  |   .8351139   .6313428     1.32   0.186    -.4022951    2.072523
          65-69  |   1.438759   .7964724     1.81   0.071    -.1222985    2.999816
          70-74  |   2.304927    1.04804     2.20   0.028     .2508065    4.359047
          75-79  |   2.461126    1.23929     1.99   0.047     .0321621    4.890091
          80-84  |   2.668958    1.47533     1.81   0.070    -.2226343    5.560551
            85+  |    3.45688   1.752852     1.97   0.049      .021352    6.892407
                 |
         notouch |
     受制度影響  |  -15.35154   1348.917    -0.01   0.991    -2659.179    2628.476
                 |
            year |
           2007  |   .1531445    .280443     0.55   0.585    -.3965137    .7028027
           2011  |   1.346108   .5728597     2.35   0.019     .2233239    2.468893
           2015  |  -.2770189   .6158026    -0.45   0.653     -1.48397     .929932
                 |
    notouch#year |
受制度影響#2007  |   11.92427   1348.917     0.01   0.993    -2631.904    2655.753
受制度影響#2011  |   11.64721   1348.917     0.01   0.993    -2632.181    2655.475
受制度影響#2015  |   11.88277   1348.917     0.01   0.993    -2631.945    2655.711
----------------------------------------------------------------------------------

. eststo REYmg: xtlogit ybin  i.($xcat $xalt1) i.notouch##i.year,re
note: 6.educ != 0 predicts success perfectly
      6.educ dropped and 10 obs not used

note: 1.notouch#2003.year != 0 predicts failure perfectly
      1.notouch#2003.year dropped and 137 obs not used

note: 1.notouch#2015.year omitted because of collinearity

Fitting comparison model:

Iteration 0:   log likelihood = -4114.8855  
Iteration 1:   log likelihood = -2262.3789  
Iteration 2:   log likelihood = -2172.1137  
Iteration 3:   log likelihood = -2165.9491  
Iteration 4:   log likelihood = -2165.9432  
Iteration 5:   log likelihood = -2165.9432  

Fitting full model:

tau =  0.0     log likelihood = -2165.9432
tau =  0.1     log likelihood = -2158.6411
tau =  0.2     log likelihood = -2151.7507
tau =  0.3     log likelihood = -2145.8835
tau =  0.4     log likelihood = -2142.1501
tau =  0.5     log likelihood = -2142.6356

Iteration 0:   log likelihood = -2142.1501  
Iteration 1:   log likelihood = -2125.6032  
Iteration 2:   log likelihood = -2114.3555  
Iteration 3:   log likelihood = -2114.0576  
Iteration 4:   log likelihood = -2114.0529  
Iteration 5:   log likelihood = -2114.0529  

Random-effects logistic regression              Number of obs     =      6,755
Group variable: id                              Number of groups  =      3,867

Random effects u_i ~ Gaussian                   Obs per group:
                                                              min =          1
                                                              avg =        1.7
                                                              max =          4

Integration method: mvaghermite                 Integration pts.  =         12

                                                Wald chi2(39)     =     631.49
Log likelihood  = -2114.0529                    Prob > chi2       =     0.0000

----------------------------------------------------------------------------------
            ybin |      Coef.   Std. Err.      z    P>|z|     [95% Conf. Interval]
-----------------+----------------------------------------------------------------
           relin |
         有宗教  |   .3472774   .1652624     2.10   0.036      .023369    .6711858
                 |
          incsrc |
     本人或配偶  |   .6552553    .119512     5.48   0.000     .4210162    .8894944
                 |
             mar |
         非單身  |   .2249726   .1265503     1.78   0.075    -.0230614    .4730065
                 |
            taba |
           抽菸  |  -.1565971   .1606812    -0.97   0.330    -.4715264    .1583323
                 |
            alco |
           喝酒  |   .4907383   .1441295     3.40   0.001     .2082496     .773227
                 |
            spor |
           運動  |   .7868848   .1143299     6.88   0.000     .5628023    1.010967
                 |
       exam_year |
         有健檢  |   .0021396   .1109064     0.02   0.985    -.2152329    .2195121
                 |
             sex |
             女  |  -.7057732   .1545023    -4.57   0.000    -1.008592   -.4029543
                 |
            educ |
           小學  |   .5257268   .1487647     3.53   0.000     .2341534    .8173003
           初中  |   1.073065   .2598764     4.13   0.000      .563717    1.582414
           高職  |   1.104621   .3167871     3.49   0.000     .4837298    1.725512
           大學  |   .6298405   .2203678     2.86   0.004     .1979276    1.061754
           識字  |   .2346157   .2837598     0.83   0.408    -.3215433    .7907747
           空大  |          0  (empty)
                 |
           child |
              1  |   .7405347   .4751222     1.56   0.119    -.1906877    1.671757
              2  |   .7224428   .3872372     1.87   0.062    -.0365282    1.481414
              3  |   1.079823   .3780088     2.86   0.004     .3389397    1.820707
              4  |   1.168962   .3816502     3.06   0.002     .4209414    1.916983
             5+  |   1.336426   .3833056     3.49   0.000     .5851605    2.087691
                 |
           incom |
         10~30-  |   .7469907   .2401783     3.11   0.002     .2762499    1.217732
         30~50-  |   .7996159   .2464492     3.24   0.001     .3165844    1.282647
         50~70-  |   1.255771   .2558813     4.91   0.000     .7542533    1.757289
        70~100-  |   1.192463   .2606816     4.57   0.000     .6815363    1.703389
       100~150-  |   1.420986   .2814061     5.05   0.000     .8694404    1.972532
       150~200-  |   1.932945   .3600147     5.37   0.000     1.227329    2.638561
       200~300-  |   2.038331   .5083822     4.01   0.000      1.04192    3.034741
           300+  |   1.018662   .3262165     3.12   0.002     .3792896    1.658035
                 |
             age |
          55-59  |  -.6719926   .2800155    -2.40   0.016    -1.220813   -.1231724
          60-64  |  -1.950441   .2656638    -7.34   0.000    -2.471133    -1.42975
          65-69  |  -2.536687   .2770921    -9.15   0.000    -3.079778   -1.993597
          70-74  |  -3.079155   .2938479   -10.48   0.000    -3.655086   -2.503224
          75-79  |  -3.861239   .3052871   -12.65   0.000    -4.459591   -3.262888
          80-84  |  -4.440685   .3362338   -13.21   0.000    -5.099691   -3.781678
            85+  |  -5.107178   .3706926   -13.78   0.000    -5.833722   -4.380634
                 |
         notouch |
     受制度影響  |  -5.292263   .2633578   -20.10   0.000    -5.808435   -4.776091
                 |
            year |
           2007  |   1.066656   .1521294     7.01   0.000     .7684883    1.364825
           2011  |   3.738262   .3058517    12.22   0.000     3.138804     4.33772
           2015  |   3.561573   .2008522    17.73   0.000      3.16791    3.955236
                 |
    notouch#year |
受制度影響#2003  |          0  (empty)
受制度影響#2007  |  -.6800529   .7598492    -0.89   0.371     -2.16933    .8092243
受制度影響#2011  |   .2850347   .4435487     0.64   0.520    -.5843047    1.154374
受制度影響#2015  |          0  (omitted)
                 |
           _cons |  -.1574483    .514794    -0.31   0.760    -1.166426    .8515295
-----------------+----------------------------------------------------------------
        /lnsig2u |   .9262341   .1623367                      .6080601    1.244408
-----------------+----------------------------------------------------------------
         sigma_u |   1.589019   .1289781                       1.35531     1.86303
             rho |     .43423    .039882                      .3582915     .513387
----------------------------------------------------------------------------------
LR test of rho=0: chibar2(01) = 103.78                 Prob >= chibar2 = 0.000

. /*
> foreach item in $xcont100 {
> eststo FE`item': xtlogit `item'  i.($xcat $xalt1) i.notouch##i.year,fe
> eststo RE`item': xtlogit `item'  i.($xcat $xalt1) i.notouch##i.year,re
> 
> }
> 
> foreach item in $yall {
> eststo FE`item': xtlogit `item'  i.($xcat $xalt1) i.notouch##i.year,fe
> eststo RE`item': xtlogit `item'  i.($xcat $xalt1) i.notouch##i.year,re
> 
> }
> */
. 
end of do-file
