

running D:\Activity\elderman\Rmd\profile.do ...


. 
. local maxscore 0

. local pcount 15

. forvalues idx=1/`pcount' {
  2.   qui myRecode3 C3_`idx',gen(dise_`idx'a) base(0) label("dise`idx'")
  3.   local maxscore =`maxscore'+r(max) 
  4.   
. }

. 
. capture safedrop y1 

. 
. 
. egen dise_o = rowtotal(dise_*a)

. label variable dise_o  "原始慢性病個數"

. 
. gen y1 =(`maxscore'-dise_o)/(`maxscore')*100 

. label variable y1 "慢性疾病個數(反)"

. 
. disp "最大值  `maxscore'"
最大值  15

. forvalues idx=1/`pcount' {
  2. tab2 dise_`idx'a C3_`idx'
  3. }

-> tabulation of dise_1a by C3_1  

           |         C3_1
     dise1 |         0          1 |     Total
-----------+----------------------+----------
         0 |     2,258          0 |     2,258 
         1 |         0      1,520 |     1,520 
-----------+----------------------+----------
     Total |     2,258      1,520 |     3,778 

-> tabulation of dise_2a by C3_2  

           |         C3_2
     dise2 |         0          1 |     Total
-----------+----------------------+----------
         0 |     3,128          0 |     3,128 
         1 |         0        650 |       650 
-----------+----------------------+----------
     Total |     3,128        650 |     3,778 

-> tabulation of dise_3a by C3_3  

           |         C3_3
     dise3 |         0          1 |     Total
-----------+----------------------+----------
         0 |     2,935          0 |     2,935 
         1 |         0        843 |       843 
-----------+----------------------+----------
     Total |     2,935        843 |     3,778 

-> tabulation of dise_4a by C3_4  

           |         C3_4
     dise4 |         0          1 |     Total
-----------+----------------------+----------
         0 |     3,476          0 |     3,476 
         1 |         0        300 |       300 
-----------+----------------------+----------
     Total |     3,476        300 |     3,776 

-> tabulation of dise_5a by C3_5  

           |         C3_5
     dise5 |         0          1 |     Total
-----------+----------------------+----------
         0 |     3,649          0 |     3,649 
         1 |         0        129 |       129 
-----------+----------------------+----------
     Total |     3,649        129 |     3,778 

-> tabulation of dise_6a by C3_6  

           |         C3_6
     dise6 |         0          1 |     Total
-----------+----------------------+----------
         0 |     3,241          0 |     3,241 
         1 |         0        536 |       536 
-----------+----------------------+----------
     Total |     3,241        536 |     3,777 

-> tabulation of dise_7a by C3_7  

           |         C3_7
     dise7 |         0          1 |     Total
-----------+----------------------+----------
         0 |     2,797          0 |     2,797 
         1 |         0        978 |       978 
-----------+----------------------+----------
     Total |     2,797        978 |     3,775 

-> tabulation of dise_8a by C3_8  

           |         C3_8
     dise8 |         0          1 |     Total
-----------+----------------------+----------
         0 |     2,975          0 |     2,975 
         1 |         0        802 |       802 
-----------+----------------------+----------
     Total |     2,975        802 |     3,777 

-> tabulation of dise_9a by C3_9  

           |         C3_9
     dise9 |         0          1 |     Total
-----------+----------------------+----------
         0 |     3,417          0 |     3,417 
         1 |         0        359 |       359 
-----------+----------------------+----------
     Total |     3,417        359 |     3,776 

-> tabulation of dise_10a by C3_10  

           |         C3_10
    dise10 |         0          1 |     Total
-----------+----------------------+----------
         0 |     3,606          0 |     3,606 
         1 |         0        161 |       161 
-----------+----------------------+----------
     Total |     3,606        161 |     3,767 

-> tabulation of dise_11a by C3_11  

           |         C3_11
    dise11 |         0          1 |     Total
-----------+----------------------+----------
         0 |     2,479          0 |     2,479 
         1 |         0      1,298 |     1,298 
-----------+----------------------+----------
     Total |     2,479      1,298 |     3,777 

-> tabulation of dise_12a by C3_12  

           |         C3_12
    dise12 |         0          1 |     Total
-----------+----------------------+----------
         0 |     3,404          0 |     3,404 
         1 |         0        374 |       374 
-----------+----------------------+----------
     Total |     3,404        374 |     3,778 

-> tabulation of dise_13a by C3_13  

           |         C3_13
    dise13 |         0          1 |     Total
-----------+----------------------+----------
         0 |     3,412          0 |     3,412 
         1 |         0        366 |       366 
-----------+----------------------+----------
     Total |     3,412        366 |     3,778 

-> tabulation of dise_14a by C3_14  

           |         C3_14
    dise14 |         0          1 |     Total
-----------+----------------------+----------
         0 |     3,307          0 |     3,307 
         1 |         0        469 |       469 
-----------+----------------------+----------
     Total |     3,307        469 |     3,776 

-> tabulation of dise_15a by C3_15  

           |         C3_15
    dise15 |         0          1 |     Total
-----------+----------------------+----------
         0 |     2,902          0 |     2,902 
         1 |         0        876 |       876 
-----------+----------------------+----------
     Total |     2,902        876 |     3,778 

. tab2 y1 dise_o 

-> tabulation of y1 by dise_o  

    慢性疾 |
   病個數( |                                                           原始慢性病個數
       反) |         0          1          2          3          4          5          6          7          8          9         10         11 |     Total
-----------+------------------------------------------------------------------------------------------------------------------------------------+----------
  26.66667 |         0          0          0          0          0          0          0          0          0          0          0          4 |         4 
  33.33333 |         0          0          0          0          0          0          0          0          0          0          8          0 |         8 
        40 |         0          0          0          0          0          0          0          0          0         18          0          0 |        18 
  46.66667 |         0          0          0          0          0          0          0          0         52          0          0          0 |        52 
  53.33333 |         0          0          0          0          0          0          0         99          0          0          0          0 |        99 
        60 |         0          0          0          0          0          0        165          0          0          0          0          0 |       165 
  66.66666 |         0          0          0          0          0        303          0          0          0          0          0          0 |       303 
  73.33334 |         0          0          0          0        444          0          0          0          0          0          0          0 |       444 
        80 |         0          0          0        556          0          0          0          0          0          0          0          0 |       556 
  86.66666 |         0          0        743          0          0          0          0          0          0          0          0          0 |       743 
  93.33334 |         0        831          0          0          0          0          0          0          0          0          0          0 |       831 
       100 |       555          0          0          0          0          0          0          0          0          0          0          0 |       555 
-----------+------------------------------------------------------------------------------------------------------------------------------------+----------
     Total |       555        831        743        556        444        303        165         99         52         18          8          4 |     3,778 

. 
. 
. 
end of do-file
