

running D:\Activity\elderman\Rmd\profile.do ...


. 
. hausman FE RE

                 ---- Coefficients ----
             |      (b)          (B)            (b-B)     sqrt(diag(V_b-V_B))
             |       FE           RE         Difference          S.E.
-------------+----------------------------------------------------------------
     heal100 |    .0284195     .0250491        .0033704        .0019369
     fami100 |    .1017394     .0792406        .0224988        .0031775
    depre100 |    .0429387     .0108745        .0320642        .0027585
    money100 |    .0011155     .0184575        -.017342        .0021979
     1.relin |   -.1527341    -.1508088       -.0019253        .1580048
    1.incsrc |    .4930926     .1408895        .3522031        .0938009
       1.mar |     1.87378     .5408621        1.332917        .1566815
      1.taba |   -1.457895     -.724721       -.7331735        .1711367
      1.alco |    .7735818     .4188253        .3547564        .1265538
      1.spor |    .4319387     .4434469       -.0115082        .0993421
 1.exam_year |    .3051558     .3488017       -.0436458        .0846383
       child |
          1  |   -1.468967    -.6501055       -.8188614        .7714479
          2  |   -1.251343    -.7794538       -.4718887        .8948673
          3  |    .3243471    -.7056426         1.02999        .9906844
          4  |    .9323232    -.4993006        1.431624        1.058656
          5  |    2.249869    -.1389381        2.388807        1.120312
------------------------------------------------------------------------------
                           b = consistent under Ho and Ha; obtained from xtreg
            B = inconsistent under Ha, efficient under Ho; obtained from xtreg

    Test:  Ho:  difference in coefficients not systematic

                 chi2(16) = (b-B)'[(V_b-V_B)^(-1)](b-B)
                          =      970.28
                Prob>chi2 =      0.0000

. hausman FEDID REDID

                 ---- Coefficients ----
             |      (b)          (B)            (b-B)     sqrt(diag(V_b-V_B))
             |     FEDID        REDID        Difference          S.E.
-------------+----------------------------------------------------------------
     heal100 |    .0072776     .0091157        -.001838        .0012764
     fami100 |    .0263967      .030319       -.0039223        .0023204
    depre100 |   -.0466238    -.0548724        .0082485        .0022129
    money100 |    .0217742     .0297437       -.0079695        .0014441
     1.relin |    .1078499     .0696525        .0381973        .1012078
    1.incsrc |   -.0235922    -.0507741        .0271819        .0601965
       1.mar |    .0306641     .0878986       -.0572345        .1068734
      1.taba |   -.1077174    -.1337061        .0259887        .1135021
      1.alco |   -.0803189    -.0239637       -.0563552        .0827251
      1.spor |     .138287     .2457669         -.10748        .0645235
 1.exam_year |    .0961705     .1946203       -.0984497        .0541191
       child |
          1  |    .7655727     .3059477        .4596249        .5126105
          2  |    .2528806     .0843808        .1684999        .5967553
          3  |    .8854689     .1747358         .710733        .6610606
          4  |    .6392966     .2925601        .3467365        .7058265
          5  |    .7758915     .3675188        .4083726        .7477004
   1.notouch |    .3834761    -.5093224        .8927985        .3077367
        year |
       2015  |   -4.181897    -4.265781         .083884        .0496623
notouch#year |
     1 2015  |   -.2640697     .5429644       -.8070341        .3044264
------------------------------------------------------------------------------
                           b = consistent under Ho and Ha; obtained from xtreg
            B = inconsistent under Ha, efficient under Ho; obtained from xtreg

    Test:  Ho:  difference in coefficients not systematic

                 chi2(19) = (b-B)'[(V_b-V_B)^(-1)](b-B)
                          =       92.55
                Prob>chi2 =      0.0000

. hausman FE_Y RE_Y

                 ---- Coefficients ----
             |      (b)          (B)            (b-B)     sqrt(diag(V_b-V_B))
             |      FE_Y         RE_Y        Difference          S.E.
-------------+----------------------------------------------------------------
     heal100 |    .0154147     .0175317       -.0021169        .0018829
     fami100 |    .0874233     .0703398        .0170836        .0031353
    depre100 |    .0489784     .0179981        .0309803        .0025702
    money100 |    .0055212     .0199216       -.0144003        .0020743
     1.relin |   -.2319539    -.2381687        .0062148        .1481813
    1.incsrc |    .5028559     .0764663        .4263896        .0875538
       1.mar |    1.476437      .388211        1.088226        .1501289
      1.taba |   -1.207482    -.6805881       -.5268943        .1625182
      1.alco |    .5109138       .31652        .1943938         .120252
      1.spor |     .135122     .3164141       -.1812921          .09575
 1.exam_year |    .1431473     .2750601       -.1319128        .0799366
       child |
          1  |   -1.298087    -.6165677       -.6815196        .7331819
          2  |   -1.036446    -.7703601       -.2660862        .8516643
          3  |    .5169943    -.6892502        1.206244         .943246
          4  |    1.051162    -.4522055        1.503368        1.007378
          5  |    2.229996    -.0185437         2.24854        1.066347
          y1 |    .0289996    -.0002447        .0292443        .0053836
          y2 |    .0023094     .0113391       -.0090297        .0054428
          y3 |     .047839     .0236821        .0241569        .0040013
          y4 |    .0074751     .0047149        .0027602        .0048039
          y5 |     .012714     .0126704        .0000436        .0022873
          y6 |    .0011784     .0007386        .0004397        .0036953
------------------------------------------------------------------------------
                           b = consistent under Ho and Ha; obtained from xtreg
            B = inconsistent under Ha, efficient under Ho; obtained from xtreg

    Test:  Ho:  difference in coefficients not systematic

                 chi2(22) = (b-B)'[(V_b-V_B)^(-1)](b-B)
                          =     1207.06
                Prob>chi2 =      0.0000

. hausman FEDID_Y REDID_Y

                 ---- Coefficients ----
             |      (b)          (B)            (b-B)     sqrt(diag(V_b-V_B))
             |    FEDID_Y      REDID_Y       Difference          S.E.
-------------+----------------------------------------------------------------
     heal100 |    .0045008     .0070226       -.0025218        .0012881
     fami100 |    .0244061     .0263035       -.0018974        .0023546
    depre100 |   -.0435902    -.0520306        .0084405        .0022595
    money100 |    .0215743     .0288725       -.0072982        .0014355
     1.relin |    .0727732      .005722        .0670512        .1005611
    1.incsrc |   -.0053869    -.0452759        .0398891         .059915
       1.mar |    .0275141     .0624906       -.0349765        .1063888
      1.taba |   -.0967948    -.1228267        .0260319        .1129171
      1.alco |   -.1065765    -.0425289       -.0640476        .0824668
      1.spor |    .1254339     .2331506       -.1077167        .0648532
 1.exam_year |    .0934075     .1751743       -.0817669        .0538994
       child |
          1  |    .7520799     .3341873        .4178926         .510046
          2  |    .2553206     .0853844        .1699362        .5936829
          3  |    .9186048     .1765244        .7420805        .6578942
          4  |    .6851881     .3064022        .3787859        .7019036
          5  |    .8959993     .3957243         .500275        .7438154
          y1 |    .0150356     .0064708        .0085648        .0036958
          y2 |   -.0056701     .0025028        -.008173        .0037219
          y3 |    .0059872     .0012823        .0047049        .0028874
          y4 |    .0069283     .0045314        .0023969        .0036898
          y5 |    .0075756     .0096684       -.0020928        .0015437
          y6 |    .0036203     .0055052        -.001885        .0025151
   1.notouch |    .5725639     -.198999        .7715629        .3023931
        year |
       2015  |   -4.114217    -4.251146        .1369293        .0518588
notouch#year |
     1 2015  |   -.1996593     .4505973       -.6502567        .3116835
------------------------------------------------------------------------------
                           b = consistent under Ho and Ha; obtained from xtreg
            B = inconsistent under Ha, efficient under Ho; obtained from xtreg

    Test:  Ho:  difference in coefficients not systematic

                 chi2(25) = (b-B)'[(V_b-V_B)^(-1)](b-B)
                          =       99.74
                Prob>chi2 =      0.0000

. hausman FE_YAGE RE_YAGE

Note: the rank of the differenced variance matrix (28) does not equal the number of coefficients being tested (29); be sure this is what you expect, or there may be problems computing the test.  Examine the output of your estimators for anything
        unexpected and possibly consider scaling your variables so that the coefficients are on a similar scale.

                 ---- Coefficients ----
             |      (b)          (B)            (b-B)     sqrt(diag(V_b-V_B))
             |    FE_YAGE      RE_YAGE       Difference          S.E.
-------------+----------------------------------------------------------------
     heal100 |    .0055911     .0145059       -.0089147        .0010154
     fami100 |    .0298685     .0570123       -.0271438         .002013
    depre100 |   -.0329575    -.0019582       -.0309993        .0019494
    money100 |    .0199043     .0235897       -.0036854        .0012007
     1.relin |   -.0315935    -.3637379        .3321444        .0858984
    1.incsrc |    .0115502    -.2610958         .272646        .0494093
       1.mar |    .2018406     .1495486         .052292        .1013141
      1.taba |   -.2288898     -.735097        .5062072        .1076666
      1.alco |   -.0551879     .0888103       -.1439982        .0733879
      1.spor |    .1583997     .4207013       -.2623016        .0550375
 1.exam_year |    .0967772     .3247803       -.2280031        .0425874
       child |
          1  |    .5180796    -.4567032        .9747829        .5167559
          2  |    .0368089    -.6618686        .6986775        .6145267
          3  |    .7247593    -.5285743        1.253334        .6836311
          4  |    .7525412    -.0759194        .8284606        .7307163
          5  |    .9732866     .5777406         .395546        .7741026
          y1 |    .0159531    -.0108453        .0267984        .0033629
          y2 |    -.003014     .0142448       -.0172588        .0027778
          y3 |    .0107576     .0163079       -.0055503        .0023275
          y4 |    .0025179     .0009725        .0015454        .0025662
          y5 |    .0083318     .0083249        6.98e-06        .0011644
          y6 |    .0019241      .003733       -.0018089        .0022111
         age |
          2  |   -1.348823    -.2890616       -1.059762        .0875198
          3  |   -3.558454    -2.124497       -1.433958        .0301237
          4  |   -4.440258    -2.434131       -2.006128        .0766496
          5  |   -6.354703    -2.644399       -3.710304        .1145408
          6  |   -7.629462    -2.578798       -5.050664        .1337985
          7  |    -8.86399    -3.107096       -5.756894        .1662021
          8  |   -11.21071    -3.472078       -7.738636         .212936
------------------------------------------------------------------------------
                           b = consistent under Ho and Ha; obtained from xtreg
            B = inconsistent under Ha, efficient under Ho; obtained from xtreg

    Test:  Ho:  difference in coefficients not systematic

                 chi2(28) = (b-B)'[(V_b-V_B)^(-1)](b-B)
                          =     1834.97
                Prob>chi2 =      0.0000
                (V_b-V_B is not positive definite)

. hausman FEDID_YAGE REDID_YAGE

                 ---- Coefficients ----
             |      (b)          (B)            (b-B)     sqrt(diag(V_b-V_B))
             |   FEDID_YAGE   REDID_YAGE     Difference          S.E.
-------------+----------------------------------------------------------------
     heal100 |    .0045489     .0068285       -.0022796        .0012919
     fami100 |    .0244941     .0269698       -.0024757        .0023569
    depre100 |    -.043845    -.0517086        .0078636        .0022786
    money100 |    .0214854     .0282954         -.00681        .0014345
     1.relin |    .0720605     .0377795         .034281        .1006804
    1.incsrc |   -.0065349    -.0366865        .0301516        .0616294
       1.mar |     .021603     .1208707       -.0992677        .1075143
      1.taba |   -.0788337    -.1061001        .0272663        .1141445
      1.alco |   -.1063079    -.0137978       -.0925101        .0824088
      1.spor |    .1207652     .2142162        -.093451        .0650186
 1.exam_year |    .0868709     .1699548        -.083084        .0542854
       child |
          1  |     .775359     .3184222        .4569368        .5115527
          2  |    .2819867     .0791132        .2028735        .5952389
          3  |    .9536753     .1648561        .7888192        .6597342
          4  |    .7160683     .2620939        .4539744        .7034083
          5  |     .917325        .3037        .6136249         .744365
          y1 |    .0159667     .0078271        .0081395        .0037449
          y2 |   -.0056565     .0008192       -.0064757        .0037141
          y3 |    .0059666     .0030312        .0029355        .0029226
          y4 |    .0062163     .0056601        .0005562        .0037062
          y5 |    .0075648     .0096936       -.0021288        .0015546
          y6 |    .0034903     .0055381       -.0020477        .0025297
         age |
          2  |   -.0642157     -.061177       -.0030387        .1330992
          3  |    .0449256     .0416241        .0033015        .2212253
          4  |    .0994382     .1165942        -.017156        .2842646
          5  |    .1404077     .1928026       -.0523949        .4063922
          6  |     .188006      .326635        -.138629         .488398
          7  |    .2958416     .4172086       -.1213671        .5755959
          8  |    .0781233     .5075405       -.4294171        .7126704
   1.notouch |    .5793018     -.173824        .7531258        .3030884
        year |
       2015  |   -4.213871    -4.358364        .1444928        .2403539
notouch#year |
     1 2015  |   -.1804313     .3881436       -.5685749        .3128435
------------------------------------------------------------------------------
                           b = consistent under Ho and Ha; obtained from xtreg
            B = inconsistent under Ha, efficient under Ho; obtained from xtreg

    Test:  Ho:  difference in coefficients not systematic

                 chi2(32) = (b-B)'[(V_b-V_B)^(-1)](b-B)
                          =       93.85
                Prob>chi2 =      0.0000

. 
end of do-file
